e:\selfstudy\opengl\firstopengl\firstopengl\x64\debug\vc140.pdb
e:\selfstudy\opengl\firstopengl\firstopengl\x64\debug\vc140.idb
e:\selfstudy\opengl\firstopengl\firstopengl\x64\debug\image_dxt.obj
e:\selfstudy\opengl\firstopengl\firstopengl\x64\debug\image_helper.obj
e:\selfstudy\opengl\firstopengl\firstopengl\x64\debug\soil.obj
e:\selfstudy\opengl\firstopengl\firstopengl\x64\debug\stb_image_aug.obj
e:\selfstudy\opengl\firstopengl\firstopengl\x64\debug\camera.obj
e:\selfstudy\opengl\firstopengl\firstopengl\x64\debug\containerrenderplugin.obj
e:\selfstudy\opengl\firstopengl\firstopengl\x64\debug\lightrenderplugin.obj
e:\selfstudy\opengl\firstopengl\firstopengl\x64\debug\main.obj
e:\selfstudy\opengl\firstopengl\firstopengl\x64\debug\program.obj
e:\selfstudy\opengl\firstopengl\firstopengl\x64\debug\renderpluginbase.obj
e:\selfstudy\opengl\firstopengl\firstopengl\x64\debug\shader.obj
e:\selfstudy\opengl\firstopengl\firstopengl\x64\debug\meshrenderplugin.obj
e:\selfstudy\opengl\firstopengl\firstopengl\x64\debug\mesh.obj
e:\selfstudy\opengl\firstopengl\x64\debug\firstopengl.ilk
e:\selfstudy\opengl\firstopengl\x64\debug\firstopengl.exe
e:\selfstudy\opengl\firstopengl\x64\debug\firstopengl.pdb
e:\selfstudy\opengl\firstopengl\firstopengl\x64\debug\firstopengl.tlog\cl.command.1.tlog
e:\selfstudy\opengl\firstopengl\firstopengl\x64\debug\firstopengl.tlog\cl.read.1.tlog
e:\selfstudy\opengl\firstopengl\firstopengl\x64\debug\firstopengl.tlog\cl.write.1.tlog
e:\selfstudy\opengl\firstopengl\firstopengl\x64\debug\firstopengl.tlog\link.command.1.tlog
e:\selfstudy\opengl\firstopengl\firstopengl\x64\debug\firstopengl.tlog\link.read.1.tlog
e:\selfstudy\opengl\firstopengl\firstopengl\x64\debug\firstopengl.tlog\link.write.1.tlog
