e:\selfstudy\opengl\firstopengl\firstopengl\debug\vc140.pdb
e:\selfstudy\opengl\firstopengl\firstopengl\debug\vc140.idb
e:\selfstudy\opengl\firstopengl\firstopengl\debug\main.obj
e:\selfstudy\opengl\firstopengl\firstopengl\debug\shader.obj
e:\selfstudy\opengl\firstopengl\firstopengl\debug\program.obj
e:\selfstudy\opengl\firstopengl\debug\firstopengl.pdb
e:\selfstudy\opengl\firstopengl\firstopengl\debug\firstopengl.tlog\cl.command.1.tlog
e:\selfstudy\opengl\firstopengl\firstopengl\debug\firstopengl.tlog\cl.read.1.tlog
e:\selfstudy\opengl\firstopengl\firstopengl\debug\firstopengl.tlog\cl.write.1.tlog
e:\selfstudy\opengl\firstopengl\firstopengl\debug\firstopengl.tlog\link-cvtres.read.1.tlog
e:\selfstudy\opengl\firstopengl\firstopengl\debug\firstopengl.tlog\link-cvtres.write.1.tlog
e:\selfstudy\opengl\firstopengl\firstopengl\debug\firstopengl.tlog\link-rc.read.1.tlog
e:\selfstudy\opengl\firstopengl\firstopengl\debug\firstopengl.tlog\link-rc.write.1.tlog
e:\selfstudy\opengl\firstopengl\firstopengl\debug\firstopengl.tlog\link.532-cvtres.read.1.tlog
e:\selfstudy\opengl\firstopengl\firstopengl\debug\firstopengl.tlog\link.532-cvtres.write.1.tlog
e:\selfstudy\opengl\firstopengl\firstopengl\debug\firstopengl.tlog\link.532-rc.read.1.tlog
e:\selfstudy\opengl\firstopengl\firstopengl\debug\firstopengl.tlog\link.532-rc.write.1.tlog
e:\selfstudy\opengl\firstopengl\firstopengl\debug\firstopengl.tlog\link.532.read.1.tlog
e:\selfstudy\opengl\firstopengl\firstopengl\debug\firstopengl.tlog\link.532.write.1.tlog
e:\selfstudy\opengl\firstopengl\firstopengl\debug\firstopengl.tlog\link.command.1.tlog
e:\selfstudy\opengl\firstopengl\firstopengl\debug\firstopengl.tlog\link.read.1.tlog
e:\selfstudy\opengl\firstopengl\firstopengl\debug\firstopengl.tlog\link.write.1.tlog
